<?xml version="1.0" encoding="UTF-8"?>
<testng-results ignored="0" total="1" passed="1" failed="0" skipped="0">
  <reporter-output>
  </reporter-output>
  <suite started-at="2021-07-30T02:46:47Z" name="Suite" finished-at="2021-07-30T02:46:51Z" duration-ms="4495">
    <groups>
    </groups>
    <test started-at="2021-07-30T02:46:47Z" name="Test" finished-at="2021-07-30T02:46:51Z" duration-ms="4495">
      <class name="com.Utility.MainParaBankTest">
        <test-method signature="mainTest()[pri:0, instance:com.Utility.MainParaBankTest@45d2ade3]" started-at="2021-07-30T02:46:47Z" name="mainTest" finished-at="2021-07-30T02:46:51Z" duration-ms="4475" status="PASS">
          <reporter-output>
          </reporter-output>
        </test-method> <!-- mainTest -->
      </class> <!-- com.Utility.MainParaBankTest -->
    </test> <!-- Test -->
  </suite> <!-- Suite -->
</testng-results>
